native/build/intermediates/manifest_merge_blame_file/debug/manifest-merger-blame-debug-report.txt
1<?xml version="1.0" encoding="utf-8"?>
2<!-- This file exists only to make Android Studio happy -->
3<manifest xmlns:android="http://schemas.android.com/apk/res/android"
4    package="com.topjohnwu.magisk.native" >
5
6    <uses-sdk android:minSdkVersion="23" />
6-->native/src/AndroidManifest.xml
7
8</manifest>